<?xml version="1.0" encoding="UTF-8"?>
<!-- Generated by org.testng.reporters.JUnitXMLReporter -->
<testsuite ignored="0" hostname="DESKTOP-AELALK6" failures="0" tests="3" name="Default test" time="0.209" errors="0" timestamp="2024-05-29T07:45:17 IST">
  <testcase classname="TestNG.dependstestNG" name="createAccount" time="0.021"/>
  <testcase classname="TestNG.dependstestNG" name="login" time="0.029"/>
  <testcase classname="TestNG.dependstestNG" name="sendEmail" time="0.007"/>
</testsuite> <!-- Default test -->
