<?xml version="1.0" encoding="UTF-8"?>
<!-- Generated by org.testng.reporters.JUnitXMLReporter -->
<testsuite ignored="0" hostname="DESKTOP-AELALK6" failures="0" tests="10" name="Sanity2" time="0.196" errors="0" timestamp="2024-05-29T07:29:04 IST">
  <testcase classname="TestNG.SampleTestNG" name="Test1" time="0.003"/>
  <testcase classname="TestNG.SampleTestNG" name="Test2" time="0.01"/>
  <testcase classname="TestNG.prioritytestNG" name="Regression1" time="0.016"/>
  <testcase classname="TestNG.prioritytestNG" name="Regression2" time="0.009"/>
  <testcase classname="TestNG.prioritytestNG" name="Sanity1" time="0.003"/>
  <testcase classname="TestNG.prioritytestNG" name="Sanity2" time="0.001"/>
  <testcase classname="TestNG.prioritytestNG" name="create" time="0.004"/>
  <testcase classname="TestNG.prioritytestNG" name="login" time="0.003"/>
  <testcase classname="TestNG.prioritytestNG" name="sendEmail" time="0.003"/>
  <testcase classname="TestNG.prioritytestNG" name="logout" time="0.006"/>
</testsuite> <!-- Sanity2 -->
