<?xml version="1.0" encoding="UTF-8"?>
<!-- Generated by org.testng.reporters.JUnitXMLReporter -->
<testsuite ignored="6" hostname="DESKTOP-AELALK6" failures="0" tests="2" name="Test1" time="0.286" errors="0" timestamp="2024-05-29T06:59:50 IST">
  <testcase classname="TestNG.prioritytestNG" name="Sanity1" time="0.019"/>
  <testcase classname="TestNG.prioritytestNG" name="Sanity2" time="0.011"/>
  <testcase classname="TestNG.prioritytestNG" name="Regression2" time="0.0">
    <ignored/>
  </testcase> <!-- Regression2 -->
  <testcase classname="TestNG.prioritytestNG" name="sendEmail" time="0.0">
    <ignored/>
  </testcase> <!-- sendEmail -->
  <testcase classname="TestNG.prioritytestNG" name="Regression1" time="0.0">
    <ignored/>
  </testcase> <!-- Regression1 -->
  <testcase classname="TestNG.prioritytestNG" name="create" time="0.0">
    <ignored/>
  </testcase> <!-- create -->
  <testcase classname="TestNG.prioritytestNG" name="logout" time="0.0">
    <ignored/>
  </testcase> <!-- logout -->
  <testcase classname="TestNG.prioritytestNG" name="login" time="0.0">
    <ignored/>
  </testcase> <!-- login -->
</testsuite> <!-- Test1 -->
