<?xml version="1.0" encoding="UTF-8"?>
<!-- Generated by org.testng.reporters.JUnitXMLReporter -->
<testsuite ignored="0" hostname="DESKTOP-AELALK6" failures="0" tests="4" name="Test2" time="0.061" errors="0" timestamp="2023-02-07T08:12:50 IST">
  <testcase classname="TestNG.SampleTestNG" name="Test1" time="0.005"/>
  <testcase classname="TestNG.SampleTestNG" name="Test2" time="0.027"/>
  <testcase classname="TestNG.NewTestNG" name="Test1" time="0.003"/>
  <testcase classname="TestNG.NewTestNG" name="Test2" time="0.002"/>
</testsuite> <!-- Test2 -->
