<?xml version="1.0" encoding="UTF-8"?>
<testng-results ignored="0" total="3" passed="3" failed="0" skipped="0">
  <reporter-output>
  </reporter-output>
  <suite started-at="2024-05-29T07:45:17 IST" name="Default suite" finished-at="2024-05-29T07:45:17 IST" duration-ms="209">
    <groups>
    </groups>
    <test started-at="2024-05-29T07:45:17 IST" name="Default test" finished-at="2024-05-29T07:45:17 IST" duration-ms="209">
      <class name="TestNG.dependstestNG">
        <test-method signature="createAccount()[pri:0, instance:TestNG.dependstestNG@49dc7102]" started-at="2024-05-29T07:45:17 IST" name="createAccount" finished-at="2024-05-29T07:45:17 IST" duration-ms="21" status="PASS">
          <reporter-output>
          </reporter-output>
        </test-method> <!-- createAccount -->
        <test-method signature="login()[pri:0, instance:TestNG.dependstestNG@49dc7102]" started-at="2024-05-29T07:45:17 IST" name="login" finished-at="2024-05-29T07:45:17 IST" depends-on-methods="TestNG.dependstestNG.createAccount" duration-ms="29" status="PASS">
          <reporter-output>
          </reporter-output>
        </test-method> <!-- login -->
        <test-method signature="sendEmail()[pri:0, instance:TestNG.dependstestNG@49dc7102]" started-at="2024-05-29T07:45:17 IST" name="sendEmail" finished-at="2024-05-29T07:45:17 IST" depends-on-methods="TestNG.dependstestNG.createAccount, TestNG.dependstestNG.login" duration-ms="7" status="PASS">
          <reporter-output>
          </reporter-output>
        </test-method> <!-- sendEmail -->
      </class> <!-- TestNG.dependstestNG -->
    </test> <!-- Default test -->
  </suite> <!-- Default suite -->
</testng-results>
